[2026-01-10 23:24:12.340] [info] Using configuration file /home/pascal/.config/waybar/config.jsonc
[2026-01-10 23:24:12.341] [info] Unable to receive desktop appearance: GDBus.Error:org.freedesktop.DBus.Error.UnknownMethod: No such interface “org.freedesktop.portal.Settings” on object at path /org/freedesktop/portal/desktop
[2026-01-10 23:24:12.341] [info] Using CSS file /home/pascal/.config/waybar/style.css
[2026-01-10 23:24:12.344] [info] Hyprland IPC starting
[2026-01-10 23:24:12.344] [info] Loading persistent workspaces from Hyprland workspace rules
[2026-01-10 23:24:12.344] [warning] 'swap-icon-label' must be a bool.
[2026-01-10 23:24:12.346] [warning] module cava: Unknown module: cava
error: unexpected argument 'Bayern,' found

Usage: wttrbar [OPTIONS]

For more information, try '--help'.
[2026-01-10 23:24:12.473] [info] Bar configured (width: 4784, height: 28) for output: DP-3
[2026-01-10 23:24:12.473] [error] Item '': No icon name or pixmap given.
[2026-01-10 23:24:12.496] [info] Bar configured (width: 4776, height: 30) for output: DP-3
[2026-01-10 23:24:13.580] [info] Quitting.
[2026-01-10 23:24:13.582] [info] Hyprland IPC stopping...
[2026-01-10 23:24:18.981] [error] Error in command line: Unrecognised token: 7
[2026-01-10 23:24:22.364] [info] Using configuration file /home/pascal/.config/waybar/config.jsonc
[2026-01-10 23:24:22.365] [info] Unable to receive desktop appearance: GDBus.Error:org.freedesktop.DBus.Error.UnknownMethod: No such interface “org.freedesktop.portal.Settings” on object at path /org/freedesktop/portal/desktop
[2026-01-10 23:24:22.365] [info] Using CSS file /home/pascal/.config/waybar/style.css
[2026-01-10 23:24:22.368] [info] Hyprland IPC starting
[2026-01-10 23:24:22.368] [info] Loading persistent workspaces from Hyprland workspace rules
[2026-01-10 23:24:22.368] [warning] 'swap-icon-label' must be a bool.
[2026-01-10 23:24:22.370] [warning] module cava: Unknown module: cava
error: unexpected argument 'Bayern,' found

Usage: wttrbar [OPTIONS]

For more information, try '--help'.
[2026-01-10 23:24:22.495] [info] Bar configured (width: 4784, height: 28) for output: DP-3
[2026-01-10 23:24:22.495] [error] Item '': No icon name or pixmap given.
[2026-01-10 23:24:22.518] [info] Bar configured (width: 4776, height: 30) for output: DP-3
